2025-07-22 19:06:28.774 [info] Reading sessions from keychain...
2025-07-22 19:06:28.774 [info] Getting sessions for all scopes...
2025-07-22 19:06:28.774 [info] Got 0 sessions for ...
2025-07-22 19:06:28.774 [info] Getting sessions for all scopes...
2025-07-22 19:06:28.774 [info] Got 0 sessions for ...
2025-07-22 19:06:28.774 [info] Getting sessions for all scopes...
2025-07-22 19:06:28.774 [info] Got 0 sessions for ...
2025-07-22 19:06:28.774 [info] Getting sessions for all scopes...
2025-07-22 19:06:28.774 [info] Got 0 sessions for ...
2025-07-22 19:06:28.774 [info] Getting sessions for all scopes...
2025-07-22 19:06:28.774 [info] Got 0 sessions for ...
2025-07-22 19:06:28.776 [info] Getting sessions for read:user,repo,user:email...
2025-07-22 19:06:28.776 [info] Got 0 sessions for read:user,repo,user:email...
2025-07-22 19:06:28.780 [info] Getting sessions for read:user,repo,user:email...
2025-07-22 19:06:28.780 [info] Got 0 sessions for read:user,repo,user:email...
2025-07-22 19:09:39.271 [info] Reading sessions from keychain...
2025-07-22 19:09:39.271 [info] Getting sessions for all scopes...
2025-07-22 19:09:39.271 [info] Got 0 sessions for ...
2025-07-22 19:09:39.271 [info] Getting sessions for all scopes...
2025-07-22 19:09:39.271 [info] Got 0 sessions for ...
2025-07-22 19:09:39.271 [info] Getting sessions for all scopes...
2025-07-22 19:09:39.271 [info] Got 0 sessions for ...
2025-07-22 19:09:39.271 [info] Getting sessions for all scopes...
2025-07-22 19:09:39.271 [info] Got 0 sessions for ...
2025-07-22 19:09:39.271 [info] Getting sessions for all scopes...
2025-07-22 19:09:39.271 [info] Got 0 sessions for ...
2025-07-22 19:09:39.271 [info] Getting sessions for read:user,repo,user:email...
2025-07-22 19:09:39.271 [info] Got 0 sessions for read:user,repo,user:email...
