2025-07-20T11:50:18.124Z - info: [main] Passing --gtk-version=3 to Electron
2025-07-20T11:50:24.367Z - info: [ui] [AppStore] loading 0 repositories from store
2025-07-20T11:50:24.501Z - info: [ui] [Welcome] no sign in step found. ignoring...
2025-07-20T11:50:24.741Z - info: [ui] [Welcome] no sign in step found. ignoring...
2025-07-20T11:50:24.750Z - info: [ui] Opt in reported.
2025-07-20T11:50:24.750Z - info: [ui] [Welcome] no sign in step found. ignoring...
2025-07-20T11:50:24.755Z - info: [ui] launching: 3.5.1 (Linux 6.15.7-arch1-1)
2025-07-20T11:50:24.755Z - info: [ui] execPath: '/opt/github-desktop-plus/github-desktop'
2025-07-20T11:50:24.848Z - info: [ui] [Welcome] no sign in step found. ignoring...
2025-07-20T11:50:34.925Z - info: [ui] [Welcome] advancing to step: SignInToDotComWithBrowser
2025-07-20T11:50:34.926Z - info: [ui] [SignInStore] initializing OAuth flow
2025-07-20T11:50:34.929Z - info: [main] opening in browser: https://github.com/login/oauth/authorize?client_id=3a723b10ac5575cc5bb9&scope=repo%20user%20workflow&state=81dbc043-efb1-4ed5-953e-a66c5133b6a6
2025-07-20T11:50:34.930Z - info: [ui] [Welcome] current sign in state not found. ignoring...
2025-07-20T11:50:36.376Z - info: [ui] [Welcome] kind Authentication is the same as Authentication. ignoring...
2025-07-20T11:50:36.659Z - info: [ui] [Welcome] kind Authentication is the same as Authentication. ignoring...
2025-07-20T11:50:37.260Z - info: [ui] [Welcome] kind Authentication is the same as Authentication. ignoring...
2025-07-20T11:50:41.713Z - info: [ui] [Welcome] kind Authentication is the same as Authentication. ignoring...
2025-07-20T11:50:49.869Z - info: [ui] [Welcome] kind Authentication is the same as Authentication. ignoring...
2025-07-20T11:50:51.862Z - info: [main] Processing protocol url
2025-07-20T11:50:51.939Z - info: [ui] [Welcome] kind Authentication is the same as Authentication. ignoring...
2025-07-20T11:50:52.077Z - info: [main] Processing protocol url
2025-07-20T11:50:52.084Z - info: [main] Passing --gtk-version=3 to Electron
2025-07-20T11:50:52.571Z - info: [ui] [SignInStore] account resolved
2025-07-20T11:50:52.572Z - info: [ui] [AppStore] adding account modeffz (modeffz) to store
2025-07-20T11:50:52.585Z - info: [ui] [Welcome] advancing to step: ConfigureGit
2025-07-20T11:50:53.138Z - info: [ui] [Welcome] no sign in step found. ignoring...
2025-07-20T11:50:53.441Z - info: [ui] [Welcome] no sign in step found. ignoring...
2025-07-20T11:51:06.278Z - info: [ui] [Welcome] no sign in step found. ignoring...
2025-07-20T11:51:06.397Z - info: [ui] [Welcome] no sign in step found. ignoring...
2025-07-20T11:51:06.799Z - info: [ui] Subscribed 'modeffz' to Alive channel
2025-07-20T11:51:06.930Z - info: [ui] [Welcome] no sign in step found. ignoring...
2025-07-20T11:52:26.318Z - info: [ui] credential-helper: found GitHub credential for https://github.com/ in store
2025-07-20T11:52:29.451Z - info: [ui] Executing clone: git -c init.defaultBranch=main clone --recursive --progress -- https://github.com/modeffz/obsidian.git /home/modeffz/code/GitHub/obsidian (took 3.426s)
2025-07-20T11:52:29.471Z - info: [ui] [AppStore] adding repository at /home/modeffz/code/GitHub/obsidian to store
2025-07-20T11:52:30.119Z - info: [ui] credential-helper: found GitHub credential for https://github.com/ in store
2025-07-20T11:52:30.147Z - info: [ui] [BranchPruner] No branches to prune.
2025-07-20T11:52:30.193Z - info: [ui] [BranchPruner] Last prune took place now - skipping
2025-07-20T11:52:30.776Z - info: [ui] credential-helper: found GitHub credential for https://github.com/ in store
2025-07-20T11:58:24.483Z - info: [ui] Executing clone: git -c init.defaultBranch=main clone --recursive --progress -- https://github.com/modeffz/archive.git /home/modeffz/code/GitHub/archive (took 406.185s)
2025-07-20T11:58:24.602Z - info: [ui] [AppStore] adding repository at /home/modeffz/code/GitHub/archive to store
2025-07-20T11:58:25.530Z - info: [ui] [BranchPruner] Last prune took place 6 minutes ago - skipping
