2025-07-22 19:09:39.262 [info] [2025-07-22 16:09:39.108] [        263ms] [/home/modeffz/code] git rev-parse --show-toplevel • FAILED
2025-07-22 19:09:39.262 [info] 
Error: fatal: not a git repository (or any parent up to mount point /)
Stopping at filesystem boundary (GIT_DISCOVERY_ACROSS_FILESYSTEM not set).

2025-07-22 19:15:23.621 [info] [2025-07-22 16:15:23.621] [         10ms] [/home/modeffz/code/cpp/Platformer/src/utils] git rev-parse --show-toplevel • FAILED
2025-07-22 19:15:23.621 [info] 
Error: fatal: not a git repository (or any parent up to mount point /)
Stopping at filesystem boundary (GIT_DISCOVERY_ACROSS_FILESYSTEM not set).

2025-07-22 19:15:32.318 [info] [2025-07-22 16:15:32.318] [         15ms] [/home/modeffz/code/cpp/Platformer/src/utils] git rev-parse --show-toplevel • FAILED
2025-07-22 19:15:32.318 [info] 
Error: fatal: not a git repository (or any parent up to mount point /)
Stopping at filesystem boundary (GIT_DISCOVERY_ACROSS_FILESYSTEM not set).

2025-07-22 19:16:34.832 [info] [2025-07-22 16:16:34.832] [          8ms] [/home/modeffz/code/cpp/Platformer/src/menu] git rev-parse --show-toplevel • FAILED
2025-07-22 19:16:34.832 [info] 
Error: fatal: not a git repository (or any parent up to mount point /)
Stopping at filesystem boundary (GIT_DISCOVERY_ACROSS_FILESYSTEM not set).

2025-07-22 19:16:42.096 [info] [2025-07-22 16:16:42.096] [          7ms] [/home/modeffz/code/cpp/Platformer/src/menu] git rev-parse --show-toplevel • FAILED
2025-07-22 19:16:42.097 [info] 
Error: fatal: not a git repository (or any parent up to mount point /)
Stopping at filesystem boundary (GIT_DISCOVERY_ACROSS_FILESYSTEM not set).

2025-07-22 19:17:34.371 [info] [2025-07-22 16:17:34.370] [         10ms] [/home/modeffz/code/js/test] git rev-parse --show-toplevel • FAILED
2025-07-22 19:17:34.371 [info] 
Error: fatal: not a git repository (or any parent up to mount point /)
Stopping at filesystem boundary (GIT_DISCOVERY_ACROSS_FILESYSTEM not set).

2025-07-22 19:18:20.801 [info] [2025-07-22 16:18:20.801] [         27ms] [/home/modeffz/code/js/null] git rev-parse --show-toplevel • FAILED
2025-07-22 19:18:20.801 [info] 
Error: fatal: not a git repository (or any parent up to mount point /)
Stopping at filesystem boundary (GIT_DISCOVERY_ACROSS_FILESYSTEM not set).

2025-07-22 19:19:04.405 [info] [2025-07-22 16:19:04.405] [        119ms] [/home/modeffz/code/.vscode] git rev-parse --show-toplevel • FAILED
2025-07-22 19:19:04.405 [info] 
Error: fatal: not a git repository (or any parent up to mount point /)
Stopping at filesystem boundary (GIT_DISCOVERY_ACROSS_FILESYSTEM not set).

