2025-07-22 19:06:28.893 [info] GitLens v17.3.2 activating in Code - OSS (1.102.1) on the desktop; language='en', logLevel='warn', defaultDateLocale='null' (someValue.machineId|someValue.sessionId)
To enable debug logging, set `"gitlens.outputLevel": "debug"` or run "GitLens: Enable Debug Logging" from the Command Palette

2025-07-22 19:09:39.212 [info] GitLens v17.3.2 activating in Code - OSS (1.102.1) on the desktop; language='en', logLevel='warn', defaultDateLocale='null' (someValue.machineId|someValue.sessionId)
To enable debug logging, set `"gitlens.outputLevel": "debug"` or run "GitLens: Enable Debug Logging" from the Command Palette

2025-07-22 19:09:39.234 [info] [2025-07-22 16:09:39.107] Warning(/usr/bin/git -c core.quotepath=false -c color.ui=false rev-parse --show-toplevel): fatal: not a git repository (or any parent up to mount point /)
Stopping at filesystem boundary (GIT_DISCOVERY_ACROSS_FILESYSTEM not set).

[2025-07-22 16:09:39.108] [GIT          ] [/home/modeffz/code] git rev-parse --show-toplevel • not a git repository (or any parent up to mount point /) • Stopping at filesystem boundary (GIT_DISCOVERY_ACROSS_FILESYSTEM not set). [263ms]

2025-07-22 19:15:24.121 [info] [2025-07-22 16:15:23.621] Warning(/usr/bin/git -c core.quotepath=false -c color.ui=false rev-parse --show-toplevel): fatal: not a git repository (or any parent up to mount point /)
Stopping at filesystem boundary (GIT_DISCOVERY_ACROSS_FILESYSTEM not set).

[2025-07-22 16:15:23.621] [GIT          ] [/home/modeffz/code/cpp/Platformer/src/utils] git rev-parse --show-toplevel • not a git repository (or any parent up to mount point /) • Stopping at filesystem boundary (GIT_DISCOVERY_ACROSS_FILESYSTEM not set). [10ms]

2025-07-22 19:15:32.818 [info] [2025-07-22 16:15:32.318] Warning(/usr/bin/git -c core.quotepath=false -c color.ui=false rev-parse --show-toplevel): fatal: not a git repository (or any parent up to mount point /)
Stopping at filesystem boundary (GIT_DISCOVERY_ACROSS_FILESYSTEM not set).

[2025-07-22 16:15:32.318] [GIT          ] [/home/modeffz/code/cpp/Platformer/src/utils] git rev-parse --show-toplevel • not a git repository (or any parent up to mount point /) • Stopping at filesystem boundary (GIT_DISCOVERY_ACROSS_FILESYSTEM not set). [15ms]

2025-07-22 19:16:35.332 [info] [2025-07-22 16:16:34.831] Warning(/usr/bin/git -c core.quotepath=false -c color.ui=false rev-parse --show-toplevel): fatal: not a git repository (or any parent up to mount point /)
Stopping at filesystem boundary (GIT_DISCOVERY_ACROSS_FILESYSTEM not set).

[2025-07-22 16:16:34.832] [GIT          ] [/home/modeffz/code/cpp/Platformer/src/menu] git rev-parse --show-toplevel • not a git repository (or any parent up to mount point /) • Stopping at filesystem boundary (GIT_DISCOVERY_ACROSS_FILESYSTEM not set). [8ms]

2025-07-22 19:16:42.597 [info] [2025-07-22 16:16:42.096] Warning(/usr/bin/git -c core.quotepath=false -c color.ui=false rev-parse --show-toplevel): fatal: not a git repository (or any parent up to mount point /)
Stopping at filesystem boundary (GIT_DISCOVERY_ACROSS_FILESYSTEM not set).

[2025-07-22 16:16:42.096] [GIT          ] [/home/modeffz/code/cpp/Platformer/src/menu] git rev-parse --show-toplevel • not a git repository (or any parent up to mount point /) • Stopping at filesystem boundary (GIT_DISCOVERY_ACROSS_FILESYSTEM not set). [7ms]

2025-07-22 19:17:34.990 [info] [2025-07-22 16:17:34.370] Warning(/usr/bin/git -c core.quotepath=false -c color.ui=false rev-parse --show-toplevel): fatal: not a git repository (or any parent up to mount point /)
Stopping at filesystem boundary (GIT_DISCOVERY_ACROSS_FILESYSTEM not set).

[2025-07-22 16:17:34.370] [GIT          ] [/home/modeffz/code/js/test] git rev-parse --show-toplevel • not a git repository (or any parent up to mount point /) • Stopping at filesystem boundary (GIT_DISCOVERY_ACROSS_FILESYSTEM not set). [10ms]

2025-07-22 19:18:21.302 [info] [2025-07-22 16:18:20.801] Warning(/usr/bin/git -c core.quotepath=false -c color.ui=false rev-parse --show-toplevel): fatal: not a git repository (or any parent up to mount point /)
Stopping at filesystem boundary (GIT_DISCOVERY_ACROSS_FILESYSTEM not set).

[2025-07-22 16:18:20.801] [GIT          ] [/home/modeffz/code/js/null] git rev-parse --show-toplevel • not a git repository (or any parent up to mount point /) • Stopping at filesystem boundary (GIT_DISCOVERY_ACROSS_FILESYSTEM not set). [27ms]

2025-07-22 19:19:04.904 [info] [2025-07-22 16:19:04.404] Warning(/usr/bin/git -c core.quotepath=false -c color.ui=false rev-parse --show-toplevel): fatal: not a git repository (or any parent up to mount point /)
Stopping at filesystem boundary (GIT_DISCOVERY_ACROSS_FILESYSTEM not set).

[2025-07-22 16:19:04.405] [GIT          ] [/home/modeffz/code/.vscode] git rev-parse --show-toplevel • not a git repository (or any parent up to mount point /) • Stopping at filesystem boundary (GIT_DISCOVERY_ACROSS_FILESYSTEM not set). [119ms]

