2025-07-20 09:56:53 Loading main app package /tmp/.mount_obsidi4mRuQB/resources/obsidian.asar
2025-07-20 09:56:54 Checking for update using Github
2025-07-20 09:56:57 Success.
2025-07-20 09:56:57 Latest version is 1.8.10
2025-07-20 09:56:57 App is up to date.
2025-07-20 10:00:04 Loading main app package /tmp/.mount_obsidiDtHuTQ/resources/obsidian.asar
2025-07-20 10:00:05 Checking for update using Github
2025-07-20 10:00:05 Success.
2025-07-20 10:00:05 Latest version is 1.8.10
2025-07-20 10:00:05 App is up to date.
2025-07-20 11:00:05 Checking for update using Github
2025-07-20 11:00:06 Success.
2025-07-20 11:00:06 Latest version is 1.8.10
2025-07-20 11:00:06 App is up to date.
2025-07-20 11:52:45 Loading main app package /tmp/.mount_obsidi1kq5w8/resources/obsidian.asar
2025-07-20 11:52:47 Checking for update using Github
2025-07-20 11:54:16 Loading main app package /tmp/.mount_obsidi1VmacU/resources/obsidian.asar
2025-07-20 11:54:16 Checking for update using Github
2025-07-20 11:56:02 Loading main app package /tmp/.mount_obsidiTnpdLt/resources/obsidian.asar
2025-07-20 11:56:03 Checking for update using Github
2025-07-20 11:58:34 Loading main app package /tmp/.mount_Obsididvl7iB/resources/obsidian.asar
2025-07-20 11:58:35 Checking for update using Github
2025-07-20 12:00:05 Checking for update using Github
2025-07-20 12:00:06 Success.
2025-07-20 12:00:06 Latest version is 1.8.10
2025-07-20 12:00:06 App is up to date.
2025-07-20 13:00:05 Checking for update using Github
2025-07-20 13:00:06 Success.
2025-07-20 13:00:06 Latest version is 1.8.10
2025-07-20 13:00:06 App is up to date.
2025-07-20 23:57:08 Loading main app package /tmp/.mount_obsidiHYSV2q/resources/obsidian.asar
2025-07-20 23:57:11 Checking for update using Github
2025-07-20 23:57:13 Success.
2025-07-20 23:57:13 Latest version is 1.8.10
2025-07-20 23:57:13 App is up to date.
2025-07-21 05:18:54 Loading main app package /tmp/.mount_obsidiVRHhVt/resources/obsidian.asar
2025-07-21 05:19:02 Checking for update using Github
2025-07-21 05:19:05 Success.
2025-07-21 05:19:05 Latest version is 1.8.10
2025-07-21 05:19:05 App is up to date.
2025-07-21 16:04:25 Checking for update using Github
2025-07-21 16:04:26 Success.
2025-07-21 16:04:26 Latest version is 1.8.10
2025-07-21 16:04:26 App is up to date.
2025-07-21 17:04:27 Checking for update using Github
2025-07-21 17:04:27 Success.
2025-07-21 17:04:27 Latest version is 1.8.10
2025-07-21 17:04:27 App is up to date.
2025-07-21 18:04:28 Checking for update using Github
2025-07-21 18:04:31 Success.
2025-07-21 18:04:31 Latest version is 1.8.10
2025-07-21 18:04:31 App is up to date.
2025-07-21 19:04:28 Checking for update using Github
2025-07-21 19:04:30 Success.
2025-07-21 19:04:30 Latest version is 1.8.10
2025-07-21 19:04:30 App is up to date.
2025-07-21 20:04:29 Checking for update using Github
2025-07-21 20:04:30 Success.
2025-07-21 20:04:30 Latest version is 1.8.10
2025-07-21 20:04:30 App is up to date.
2025-07-21 21:01:52 Loading main app package /tmp/.mount_obsidiDgxMO8/resources/obsidian.asar
2025-07-21 21:01:54 Checking for update using Github
2025-07-21 21:01:54 Success.
2025-07-21 21:01:54 Latest version is 1.8.10
2025-07-21 21:01:54 App is up to date.
2025-07-21 22:01:52 Checking for update using Github
2025-07-21 22:01:52 Success.
2025-07-21 22:01:52 Latest version is 1.8.10
2025-07-21 22:01:52 App is up to date.
2025-07-21 23:01:52 Checking for update using Github
2025-07-21 23:01:52 Success.
2025-07-21 23:01:52 Latest version is 1.8.10
2025-07-21 23:01:52 App is up to date.
2025-07-22 00:01:52 Checking for update using Github
2025-07-22 00:01:52 Success.
2025-07-22 00:01:52 Latest version is 1.8.10
2025-07-22 00:01:52 App is up to date.
2025-07-22 11:13:00 Checking for update using Github
2025-07-22 11:13:00 Success.
2025-07-22 11:13:00 Latest version is 1.8.10
2025-07-22 11:13:00 App is up to date.
2025-07-22 12:13:02 Checking for update using Github
2025-07-22 12:13:02 Success.
2025-07-22 12:13:02 Latest version is 1.8.10
2025-07-22 12:13:02 App is up to date.
2025-07-22 13:13:02 Checking for update using Github
2025-07-22 13:13:02 Success.
2025-07-22 13:13:02 Latest version is 1.8.10
2025-07-22 13:13:02 App is up to date.
2025-07-22 14:13:02 Checking for update using Github
2025-07-22 14:13:02 Success.
2025-07-22 14:13:02 Latest version is 1.8.10
2025-07-22 14:13:02 App is up to date.
2025-07-22 15:13:02 Checking for update using Github
2025-07-22 15:13:02 Success.
2025-07-22 15:13:02 Latest version is 1.8.10
2025-07-22 15:13:02 App is up to date.
2025-07-22 16:13:02 Checking for update using Github
2025-07-22 16:13:03 Success.
2025-07-22 16:13:03 Latest version is 1.8.10
2025-07-22 16:13:03 App is up to date.
